2024-03-23 16:57:11,232 - INFO - EXTRACT 'bookings.aircrafts_data' - SUCCESS.
2024-03-23 16:57:11,239 - INFO - EXTRACT 'bookings.airports_data' - SUCCESS.
2024-03-23 16:57:13,007 - INFO - EXTRACT 'bookings.boarding_passes' - SUCCESS.
2024-03-23 16:57:15,435 - INFO - EXTRACT 'bookings.bookings' - SUCCESS.
2024-03-23 16:57:16,252 - INFO - EXTRACT 'bookings.flights' - SUCCESS.
2024-03-23 16:57:16,268 - INFO - EXTRACT 'bookings.seats' - SUCCESS.
2024-03-23 16:57:21,335 - INFO - EXTRACT 'bookings.ticket_flights' - SUCCESS.
2024-03-23 16:57:26,942 - INFO - EXTRACT 'bookings.tickets' - SUCCESS.
2024-03-23 16:57:27,065 - INFO - [pid 275335] Worker Worker(salt=3294872935, workers=1, host=DESKTOP-V42S030, username=laode, pid=275335) done      Extract()
2024-03-23 16:57:27,067 - DEBUG - 1 running tasks, waiting for next task to finish
2024-03-23 16:57:27,071 - INFO - Informed scheduler that task   Extract__99914b932b   has status   DONE
2024-03-23 16:57:27,071 - DEBUG - Asking scheduler for work...
2024-03-23 16:57:27,075 - DEBUG - Pending tasks: 1
2024-03-23 16:57:27,075 - INFO - [pid 275335] Worker Worker(salt=3294872935, workers=1, host=DESKTOP-V42S030, username=laode, pid=275335) running   Load()
2024-03-23 17:00:06,193 - INFO - LOAD bookings - SUCCESS
2024-03-23 17:00:06,235 - INFO - [pid 275335] Worker Worker(salt=3294872935, workers=1, host=DESKTOP-V42S030, username=laode, pid=275335) done      Load()
2024-03-23 17:00:06,235 - DEBUG - 1 running tasks, waiting for next task to finish
2024-03-23 17:00:06,238 - INFO - Informed scheduler that task   Load__99914b932b   has status   DONE
2024-03-23 17:00:06,238 - DEBUG - Asking scheduler for work...
2024-03-23 17:00:06,240 - DEBUG - Done
2024-03-23 17:00:06,241 - DEBUG - There are no more tasks to run at this time
2024-03-23 17:00:06,241 - INFO - Worker Worker(salt=3294872935, workers=1, host=DESKTOP-V42S030, username=laode, pid=275335) was stopped. Shutting down Keep-Alive thread
2024-03-23 17:00:06,242 - INFO - 
===== Luigi Execution Summary =====

Scheduled 2 tasks of which:
* 2 ran successfully:
    - 1 Extract()
    - 1 Load()

This progress looks :) because there were no failed tasks or missing dependencies

===== Luigi Execution Summary =====

